{"/Users/abelorihuela/Documents/projects/yaydoo-api/src/app.module.ts": {"path":"/Users/abelorihuela/Documents/projects/yaydoo-api/src/app.module.ts","statementMap":{"0":{"start":{"line":1,"column":0},"end":{"line":1,"column":40}},"1":{"start":{"line":2,"column":0},"end":{"line":2,"column":60}},"2":{"start":{"line":3,"column":0},"end":{"line":3,"column":63}},"3":{"start":{"line":8,"column":0},"end":{"line":8,"column":null}},"4":{"start":{"line":8,"column":13},"end":{"line":8,"column":null}},"5":{"start":{"line":8,"column":13},"end":{"line":8,"column":22}}},"fnMap":{},"branchMap":{},"s":{"0":0,"1":0,"2":0,"3":0,"4":0,"5":0},"f":{},"b":{}}
,"/Users/abelorihuela/Documents/projects/yaydoo-api/src/app.service.ts": {"path":"/Users/abelorihuela/Documents/projects/yaydoo-api/src/app.service.ts","statementMap":{"0":{"start":{"line":1,"column":0},"end":{"line":1,"column":44}},"1":{"start":{"line":4,"column":0},"end":{"line":8,"column":null}},"2":{"start":{"line":6,"column":4},"end":{"line":6,"column":22}},"3":{"start":{"line":4,"column":13},"end":{"line":8,"column":null}},"4":{"start":{"line":4,"column":13},"end":{"line":4,"column":23}}},"fnMap":{"0":{"name":"(anonymous_1)","decl":{"start":{"line":5,"column":2},"end":{"line":5,"column":10}},"loc":{"start":{"line":5,"column":10},"end":{"line":7,"column":3}}}},"branchMap":{},"s":{"0":1,"1":1,"2":0,"3":1,"4":1},"f":{"0":0},"b":{}}
,"/Users/abelorihuela/Documents/projects/yaydoo-api/src/main.ts": {"path":"/Users/abelorihuela/Documents/projects/yaydoo-api/src/main.ts","statementMap":{"0":{"start":{"line":1,"column":0},"end":{"line":1,"column":43}},"1":{"start":{"line":2,"column":0},"end":{"line":2,"column":41}},"2":{"start":{"line":5,"column":14},"end":{"line":5,"column":49}},"3":{"start":{"line":6,"column":2},"end":{"line":6,"column":25}},"4":{"start":{"line":8,"column":0},"end":{"line":8,"column":12}}},"fnMap":{"0":{"name":"bootstrap","decl":{"start":{"line":4,"column":15},"end":{"line":4,"column":24}},"loc":{"start":{"line":4,"column":24},"end":{"line":7,"column":1}}}},"branchMap":{},"s":{"0":0,"1":0,"2":0,"3":0,"4":0},"f":{"0":0},"b":{}}
,"/Users/abelorihuela/Documents/projects/yaydoo-api/src/prisma.service.ts": {"path":"/Users/abelorihuela/Documents/projects/yaydoo-api/src/prisma.service.ts","statementMap":{"0":{"start":{"line":1,"column":0},"end":{"line":1,"column":null}},"1":{"start":{"line":7,"column":0},"end":{"line":7,"column":46}},"2":{"start":{"line":10,"column":0},"end":{"line":20,"column":null}},"3":{"start":{"line":12,"column":4},"end":{"line":12,"column":26}},"4":{"start":{"line":16,"column":4},"end":{"line":18,"column":7}},"5":{"start":{"line":17,"column":6},"end":{"line":17,"column":24}},"6":{"start":{"line":10,"column":13},"end":{"line":20,"column":null}},"7":{"start":{"line":10,"column":13},"end":{"line":10,"column":26}}},"fnMap":{"0":{"name":"(anonymous_1)","decl":{"start":{"line":11,"column":2},"end":{"line":11,"column":7}},"loc":{"start":{"line":11,"column":20},"end":{"line":13,"column":3}}},"1":{"name":"(anonymous_2)","decl":{"start":{"line":15,"column":2},"end":{"line":15,"column":7}},"loc":{"start":{"line":15,"column":49},"end":{"line":19,"column":3}}},"2":{"name":"(anonymous_3)","decl":{"start":{"line":16,"column":27},"end":{"line":16,"column":32}},"loc":{"start":{"line":16,"column":38},"end":{"line":18,"column":5}}}},"branchMap":{},"s":{"0":2,"1":2,"2":2,"3":0,"4":0,"5":0,"6":2,"7":2},"f":{"0":0,"1":0,"2":0},"b":{}}
,"/Users/abelorihuela/Documents/projects/yaydoo-api/src/checkouts/checkouts.controller.ts": {"path":"/Users/abelorihuela/Documents/projects/yaydoo-api/src/checkouts/checkouts.controller.ts","statementMap":{"0":{"start":{"line":1,"column":0},"end":{"line":1,"column":null}},"1":{"start":{"line":14,"column":0},"end":{"line":14,"column":55}},"2":{"start":{"line":17,"column":0},"end":{"line":106,"column":null}},"3":{"start":{"line":18,"column":31},"end":{"line":18,"column":48}},"4":{"start":{"line":22,"column":19},"end":{"line":22,"column":20}},"5":{"start":{"line":23,"column":4},"end":{"line":25,"column":7}},"6":{"start":{"line":33,"column":27},"end":{"line":36,"column":6}},"7":{"start":{"line":38,"column":4},"end":{"line":55,"column":null}},"8":{"start":{"line":39,"column":6},"end":{"line":46,"column":8}},"9":{"start":{"line":48,"column":6},"end":{"line":54,"column":9}},"10":{"start":{"line":63,"column":27},"end":{"line":66,"column":6}},"11":{"start":{"line":68,"column":4},"end":{"line":85,"column":null}},"12":{"start":{"line":69,"column":6},"end":{"line":76,"column":8}},"13":{"start":{"line":78,"column":6},"end":{"line":84,"column":9}},"14":{"start":{"line":90,"column":27},"end":{"line":92,"column":6}},"15":{"start":{"line":94,"column":4},"end":{"line":104,"column":null}},"16":{"start":{"line":95,"column":6},"end":{"line":95,"column":61}},"17":{"start":{"line":97,"column":6},"end":{"line":103,"column":8}},"18":{"start":{"line":21,"column":2},"end":{"line":26,"column":null}},"19":{"start":{"line":29,"column":2},"end":{"line":56,"column":null}},"20":{"start":{"line":59,"column":2},"end":{"line":86,"column":null}},"21":{"start":{"line":89,"column":2},"end":{"line":105,"column":null}},"22":{"start":{"line":17,"column":13},"end":{"line":106,"column":null}},"23":{"start":{"line":17,"column":13},"end":{"line":17,"column":32}}},"fnMap":{"0":{"name":"(anonymous_4)","decl":{"start":{"line":18,"column":2},"end":{"line":18,"column":31}},"loc":{"start":{"line":18,"column":64},"end":{"line":18,"column":68}}},"1":{"name":"(anonymous_5)","decl":{"start":{"line":21,"column":2},"end":{"line":21,"column":7}},"loc":{"start":{"line":21,"column":14},"end":{"line":26,"column":3}}},"2":{"name":"(anonymous_6)","decl":{"start":{"line":29,"column":2},"end":{"line":29,"column":7}},"loc":{"start":{"line":31,"column":52},"end":{"line":56,"column":3}}},"3":{"name":"(anonymous_7)","decl":{"start":{"line":59,"column":2},"end":{"line":59,"column":7}},"loc":{"start":{"line":61,"column":52},"end":{"line":86,"column":3}}},"4":{"name":"(anonymous_8)","decl":{"start":{"line":89,"column":2},"end":{"line":89,"column":7}},"loc":{"start":{"line":89,"column":56},"end":{"line":105,"column":3}}}},"branchMap":{"0":{"loc":{"start":{"line":38,"column":4},"end":{"line":55,"column":null}},"type":"if","locations":[{"start":{"line":38,"column":4},"end":{"line":55,"column":null}},{"start":{"line":38,"column":4},"end":{"line":55,"column":null}}]},"1":{"loc":{"start":{"line":68,"column":4},"end":{"line":85,"column":null}},"type":"if","locations":[{"start":{"line":68,"column":4},"end":{"line":85,"column":null}},{"start":{"line":68,"column":4},"end":{"line":85,"column":null}}]},"2":{"loc":{"start":{"line":94,"column":4},"end":{"line":104,"column":null}},"type":"if","locations":[{"start":{"line":94,"column":4},"end":{"line":104,"column":null}},{"start":{"line":94,"column":4},"end":{"line":104,"column":null}}]}},"s":{"0":0,"1":0,"2":0,"3":0,"4":0,"5":0,"6":0,"7":0,"8":0,"9":0,"10":0,"11":0,"12":0,"13":0,"14":0,"15":0,"16":0,"17":0,"18":0,"19":0,"20":0,"21":0,"22":0,"23":0},"f":{"0":0,"1":0,"2":0,"3":0,"4":0},"b":{"0":[0,0],"1":[0,0],"2":[0,0]}}
,"/Users/abelorihuela/Documents/projects/yaydoo-api/src/checkouts/checkouts.module.ts": {"path":"/Users/abelorihuela/Documents/projects/yaydoo-api/src/checkouts/checkouts.module.ts","statementMap":{"0":{"start":{"line":1,"column":0},"end":{"line":1,"column":40}},"1":{"start":{"line":2,"column":0},"end":{"line":2,"column":55}},"2":{"start":{"line":3,"column":0},"end":{"line":3,"column":61}},"3":{"start":{"line":4,"column":0},"end":{"line":4,"column":52}},"4":{"start":{"line":10,"column":0},"end":{"line":10,"column":null}},"5":{"start":{"line":10,"column":13},"end":{"line":10,"column":null}},"6":{"start":{"line":10,"column":13},"end":{"line":10,"column":28}}},"fnMap":{},"branchMap":{},"s":{"0":0,"1":0,"2":0,"3":0,"4":0,"5":0,"6":0},"f":{},"b":{}}
,"/Users/abelorihuela/Documents/projects/yaydoo-api/src/checkouts/checkouts.service.ts": {"path":"/Users/abelorihuela/Documents/projects/yaydoo-api/src/checkouts/checkouts.service.ts","statementMap":{"0":{"start":{"line":1,"column":0},"end":{"line":1,"column":44}},"1":{"start":{"line":2,"column":0},"end":{"line":2,"column":51}},"2":{"start":{"line":6,"column":0},"end":{"line":35,"column":null}},"3":{"start":{"line":7,"column":22},"end":{"line":7,"column":30}},"4":{"start":{"line":10,"column":4},"end":{"line":10,"column":59}},"5":{"start":{"line":14,"column":4},"end":{"line":14,"column":49}},"6":{"start":{"line":21,"column":4},"end":{"line":21,"column":74}},"7":{"start":{"line":25,"column":4},"end":{"line":25,"column":50}},"8":{"start":{"line":31,"column":4},"end":{"line":33,"column":7}},"9":{"start":{"line":6,"column":13},"end":{"line":35,"column":null}},"10":{"start":{"line":6,"column":13},"end":{"line":6,"column":29}}},"fnMap":{"0":{"name":"(anonymous_2)","decl":{"start":{"line":7,"column":2},"end":{"line":7,"column":22}},"loc":{"start":{"line":7,"column":43},"end":{"line":7,"column":47}}},"1":{"name":"(anonymous_3)","decl":{"start":{"line":9,"column":2},"end":{"line":9,"column":7}},"loc":{"start":{"line":9,"column":53},"end":{"line":11,"column":3}}},"2":{"name":"(anonymous_4)","decl":{"start":{"line":13,"column":2},"end":{"line":13,"column":7}},"loc":{"start":{"line":13,"column":47},"end":{"line":15,"column":3}}},"3":{"name":"(anonymous_5)","decl":{"start":{"line":17,"column":2},"end":{"line":17,"column":7}},"loc":{"start":{"line":19,"column":36},"end":{"line":22,"column":3}}},"4":{"name":"(anonymous_6)","decl":{"start":{"line":24,"column":2},"end":{"line":24,"column":7}},"loc":{"start":{"line":24,"column":53},"end":{"line":26,"column":3}}},"5":{"name":"(anonymous_7)","decl":{"start":{"line":28,"column":2},"end":{"line":28,"column":7}},"loc":{"start":{"line":29,"column":36},"end":{"line":34,"column":3}}}},"branchMap":{},"s":{"0":0,"1":0,"2":0,"3":0,"4":0,"5":0,"6":0,"7":0,"8":0,"9":0,"10":0},"f":{"0":0,"1":0,"2":0,"3":0,"4":0,"5":0},"b":{}}
,"/Users/abelorihuela/Documents/projects/yaydoo-api/src/products/products.controller.ts": {"path":"/Users/abelorihuela/Documents/projects/yaydoo-api/src/products/products.controller.ts","statementMap":{"0":{"start":{"line":1,"column":0},"end":{"line":1,"column":null}},"1":{"start":{"line":13,"column":0},"end":{"line":13,"column":53}},"2":{"start":{"line":18,"column":0},"end":{"line":60,"column":null}},"3":{"start":{"line":19,"column":31},"end":{"line":19,"column":47}},"4":{"start":{"line":29,"column":4},"end":{"line":29,"column":71}},"5":{"start":{"line":39,"column":27},"end":{"line":41,"column":6}},"6":{"start":{"line":43,"column":4},"end":{"line":51,"column":null}},"7":{"start":{"line":44,"column":6},"end":{"line":50,"column":8}},"8":{"start":{"line":53,"column":4},"end":{"line":58,"column":7}},"9":{"start":{"line":22,"column":2},"end":{"line":30,"column":null}},"10":{"start":{"line":33,"column":2},"end":{"line":59,"column":null}},"11":{"start":{"line":18,"column":13},"end":{"line":60,"column":null}},"12":{"start":{"line":18,"column":13},"end":{"line":18,"column":31}}},"fnMap":{"0":{"name":"(anonymous_4)","decl":{"start":{"line":19,"column":2},"end":{"line":19,"column":31}},"loc":{"start":{"line":19,"column":62},"end":{"line":19,"column":66}}},"1":{"name":"(anonymous_5)","decl":{"start":{"line":22,"column":2},"end":{"line":22,"column":7}},"loc":{"start":{"line":27,"column":69},"end":{"line":30,"column":3}}},"2":{"name":"(anonymous_6)","decl":{"start":{"line":33,"column":2},"end":{"line":33,"column":7}},"loc":{"start":{"line":37,"column":32},"end":{"line":59,"column":3}}}},"branchMap":{"0":{"loc":{"start":{"line":43,"column":4},"end":{"line":51,"column":null}},"type":"if","locations":[{"start":{"line":43,"column":4},"end":{"line":51,"column":null}},{"start":{"line":43,"column":4},"end":{"line":51,"column":null}}]}},"s":{"0":1,"1":1,"2":1,"3":2,"4":0,"5":1,"6":1,"7":0,"8":1,"9":1,"10":1,"11":1,"12":1},"f":{"0":2,"1":0,"2":1},"b":{"0":[0,1]}}
,"/Users/abelorihuela/Documents/projects/yaydoo-api/src/products/products.module.ts": {"path":"/Users/abelorihuela/Documents/projects/yaydoo-api/src/products/products.module.ts","statementMap":{"0":{"start":{"line":1,"column":0},"end":{"line":1,"column":40}},"1":{"start":{"line":2,"column":0},"end":{"line":2,"column":59}},"2":{"start":{"line":3,"column":0},"end":{"line":3,"column":53}},"3":{"start":{"line":4,"column":0},"end":{"line":4,"column":51}},"4":{"start":{"line":10,"column":0},"end":{"line":10,"column":null}},"5":{"start":{"line":10,"column":13},"end":{"line":10,"column":null}},"6":{"start":{"line":10,"column":13},"end":{"line":10,"column":27}}},"fnMap":{},"branchMap":{},"s":{"0":0,"1":0,"2":0,"3":0,"4":0,"5":0,"6":0},"f":{},"b":{}}
,"/Users/abelorihuela/Documents/projects/yaydoo-api/src/products/products.service.ts": {"path":"/Users/abelorihuela/Documents/projects/yaydoo-api/src/products/products.service.ts","statementMap":{"0":{"start":{"line":1,"column":0},"end":{"line":1,"column":44}},"1":{"start":{"line":2,"column":0},"end":{"line":2,"column":59}},"2":{"start":{"line":6,"column":0},"end":{"line":66,"column":null}},"3":{"start":{"line":7,"column":22},"end":{"line":7,"column":30}},"4":{"start":{"line":15,"column":17},"end":{"line":15,"column":52}},"5":{"start":{"line":16,"column":15},"end":{"line":37,"column":null}},"6":{"start":{"line":40,"column":35},"end":{"line":50,"column":6}},"7":{"start":{"line":52,"column":4},"end":{"line":52,"column":22}},"8":{"start":{"line":56,"column":4},"end":{"line":56,"column":54}},"9":{"start":{"line":62,"column":4},"end":{"line":64,"column":7}},"10":{"start":{"line":6,"column":13},"end":{"line":66,"column":null}},"11":{"start":{"line":6,"column":13},"end":{"line":6,"column":28}}},"fnMap":{"0":{"name":"(anonymous_2)","decl":{"start":{"line":7,"column":2},"end":{"line":7,"column":22}},"loc":{"start":{"line":7,"column":43},"end":{"line":7,"column":47}}},"1":{"name":"(anonymous_3)","decl":{"start":{"line":8,"column":2},"end":{"line":8,"column":7}},"loc":{"start":{"line":13,"column":15},"end":{"line":53,"column":3}}},"2":{"name":"(anonymous_4)","decl":{"start":{"line":55,"column":2},"end":{"line":55,"column":7}},"loc":{"start":{"line":55,"column":46},"end":{"line":57,"column":3}}},"3":{"name":"(anonymous_5)","decl":{"start":{"line":59,"column":2},"end":{"line":59,"column":7}},"loc":{"start":{"line":60,"column":35},"end":{"line":65,"column":3}}}},"branchMap":{"0":{"loc":{"start":{"line":15,"column":28},"end":{"line":15,"column":48}},"type":"cond-expr","locations":[{"start":{"line":15,"column":28},"end":{"line":15,"column":48}},{"start":{"line":15,"column":51},"end":{"line":15,"column":52}}]},"1":{"loc":{"start":{"line":18,"column":10},"end":{"line":27,"column":null}},"type":"cond-expr","locations":[{"start":{"line":18,"column":10},"end":{"line":27,"column":null}},{"start":{"line":28,"column":10},"end":{"line":28,"column":12}}]},"2":{"loc":{"start":{"line":17,"column":10},"end":{"line":17,"column":13}},"type":"binary-expr","locations":[{"start":{"line":17,"column":10},"end":{"line":17,"column":13}},{"start":{"line":17,"column":17},"end":{"line":17,"column":20}}]},"3":{"loc":{"start":{"line":30,"column":10},"end":{"line":36,"column":null}},"type":"cond-expr","locations":[{"start":{"line":30,"column":10},"end":{"line":36,"column":null}},{"start":{"line":37,"column":10},"end":{"line":37,"column":12}}]}},"s":{"0":2,"1":2,"2":2,"3":1,"4":0,"5":0,"6":0,"7":0,"8":0,"9":0,"10":2,"11":2},"f":{"0":1,"1":0,"2":0,"3":0},"b":{"0":[0,0],"1":[0,0],"2":[0,0],"3":[0,0]}}
}
