TN:
SF:src/app.module.ts
FNF:0
FNH:0
DA:1,0
DA:2,0
DA:3,0
DA:4,0
DA:9,0
LF:5
LH:0
BRF:0
BRH:0
end_of_record
TN:
SF:src/app.service.ts
FN:5,(anonymous_1)
FNF:1
FNH:0
FNDA:0,(anonymous_1)
DA:1,3
DA:4,3
DA:6,0
LF:3
LH:2
BRF:0
BRH:0
end_of_record
TN:
SF:src/main.ts
FN:5,bootstrap
FNF:1
FNH:0
FNDA:0,bootstrap
DA:1,0
DA:2,0
DA:3,0
DA:6,0
DA:8,0
DA:13,0
DA:15,0
DA:16,0
DA:18,0
LF:9
LH:0
BRF:0
BRH:0
end_of_record
TN:
SF:src/prisma.service.ts
FN:11,(anonymous_1)
FN:15,(anonymous_2)
FN:16,(anonymous_3)
FNF:3
FNH:0
FNDA:0,(anonymous_1)
FNDA:0,(anonymous_2)
FNDA:0,(anonymous_3)
DA:1,6
DA:7,6
DA:10,6
DA:12,0
DA:16,0
DA:17,0
LF:6
LH:3
BRF:0
BRH:0
end_of_record
TN:
SF:src/checkouts/checkouts.controller.ts
FN:27,(anonymous_4)
FN:34,(anonymous_5)
FN:51,(anonymous_6)
FN:88,(anonymous_7)
FN:119,(anonymous_8)
FNF:5
FNH:5
FNDA:9,(anonymous_4)
FNDA:2,(anonymous_5)
FNDA:2,(anonymous_6)
FNDA:2,(anonymous_7)
FNDA:1,(anonymous_8)
DA:1,2
DA:16,2
DA:17,2
DA:18,2
DA:26,2
DA:27,9
DA:34,2
DA:35,2
DA:51,2
DA:52,2
DA:56,2
DA:57,0
DA:64,2
DA:88,2
DA:89,2
DA:93,2
DA:94,0
DA:101,2
DA:119,2
DA:120,1
LF:20
LH:18
BRDA:56,0,0,0
BRDA:56,0,1,2
BRDA:93,1,0,0
BRDA:93,1,1,2
BRF:4
BRH:2
end_of_record
TN:
SF:src/checkouts/checkouts.module.ts
FNF:0
FNH:0
DA:1,0
DA:2,0
DA:3,0
DA:4,0
DA:10,0
LF:5
LH:0
BRF:0
BRH:0
end_of_record
TN:
SF:src/checkouts/checkouts.service.ts
FN:7,(anonymous_2)
FN:9,(anonymous_3)
FN:18,(anonymous_4)
FN:22,(anonymous_5)
FN:34,(anonymous_6)
FN:38,(anonymous_7)
FNF:6
FNH:1
FNDA:3,(anonymous_2)
FNDA:0,(anonymous_3)
FNDA:0,(anonymous_4)
FNDA:0,(anonymous_5)
FNDA:0,(anonymous_6)
FNDA:0,(anonymous_7)
DA:1,3
DA:2,3
DA:6,3
DA:7,3
DA:10,0
DA:19,0
DA:26,0
DA:35,0
DA:39,0
LF:9
LH:4
BRF:0
BRH:0
end_of_record
TN:
SF:src/dto/checkout.ts
FN:5,(anonymous_2)
FNF:1
FNH:0
FNDA:0,(anonymous_2)
DA:1,2
DA:2,2
DA:4,2
DA:6,0
DA:7,0
DA:11,2
DA:15,2
LF:7
LH:5
BRF:0
BRH:0
end_of_record
TN:
SF:src/dto/order.ts
FNF:0
FNH:0
DA:1,1
DA:2,1
DA:4,1
DA:7,1
DA:11,1
LF:5
LH:5
BRF:0
BRH:0
end_of_record
TN:
SF:src/dto/pagination.ts
FN:4,(anonymous_2)
FNF:1
FNH:0
FNDA:0,(anonymous_2)
DA:1,2
DA:2,2
DA:4,2
DA:7,2
DA:11,2
DA:15,2
DA:19,2
DA:23,2
LF:8
LH:8
BRF:0
BRH:0
end_of_record
TN:
SF:src/dto/product.ts
FNF:0
FNH:0
DA:1,1
DA:2,1
DA:4,1
DA:7,1
DA:11,1
DA:15,1
DA:19,1
LF:7
LH:7
BRF:0
BRH:0
end_of_record
TN:
SF:src/orders/orders.controller.ts
FN:22,(anonymous_4)
FN:32,(anonymous_5)
FN:45,(anonymous_6)
FNF:3
FNH:3
FNDA:3,(anonymous_4)
FNDA:1,(anonymous_5)
FNDA:1,(anonymous_6)
DA:1,1
DA:13,1
DA:14,1
DA:16,1
DA:17,1
DA:19,1
DA:21,1
DA:23,3
DA:24,3
DA:32,1
DA:33,1
DA:45,1
DA:46,1
DA:48,1
DA:49,0
DA:58,1
LF:16
LH:15
BRDA:48,0,0,0
BRDA:48,0,1,1
BRF:2
BRH:1
end_of_record
TN:
SF:src/orders/orders.module.ts
FNF:0
FNH:0
DA:1,0
DA:2,0
DA:3,0
DA:4,0
DA:5,0
DA:10,0
LF:6
LH:0
BRF:0
BRH:0
end_of_record
TN:
SF:src/orders/orders.service.ts
FN:9,(anonymous_2)
FN:11,(anonymous_3)
FN:35,(anonymous_4)
FN:45,(anonymous_5)
FN:49,(anonymous_6)
FN:55,(anonymous_7)
FN:70,(anonymous_8)
FN:83,(anonymous_9)
FNF:8
FNH:1
FNDA:1,(anonymous_2)
FNDA:0,(anonymous_3)
FNDA:0,(anonymous_4)
FNDA:0,(anonymous_5)
FNDA:0,(anonymous_6)
FNDA:0,(anonymous_7)
FNDA:0,(anonymous_8)
FNDA:0,(anonymous_9)
DA:1,2
DA:3,2
DA:8,2
DA:9,1
DA:12,0
DA:14,0
DA:32,0
DA:36,0
DA:42,0
DA:46,0
DA:47,0
DA:49,0
DA:55,0
DA:70,0
DA:71,0
DA:78,0
DA:80,0
DA:84,0
LF:18
LH:4
BRDA:12,0,0,0
BRDA:12,0,1,0
BRF:2
BRH:0
end_of_record
TN:
SF:src/products/products.controller.ts
FN:26,(anonymous_4)
FN:33,(anonymous_5)
FN:47,(anonymous_6)
FNF:3
FNH:3
FNDA:3,(anonymous_4)
FNDA:1,(anonymous_5)
FNDA:1,(anonymous_6)
DA:1,1
DA:13,1
DA:15,1
DA:16,1
DA:17,1
DA:25,1
DA:26,3
DA:33,1
DA:34,1
DA:47,1
DA:48,1
DA:50,1
DA:51,0
DA:60,1
LF:14
LH:13
BRDA:50,0,0,0
BRDA:50,0,1,1
BRF:2
BRH:1
end_of_record
TN:
SF:src/products/products.module.ts
FNF:0
FNH:0
DA:1,0
DA:2,0
DA:3,0
DA:4,0
DA:10,0
LF:5
LH:0
BRF:0
BRH:0
end_of_record
TN:
SF:src/products/products.service.ts
FN:7,(anonymous_2)
FN:8,(anonymous_3)
FN:50,(anonymous_4)
FN:54,(anonymous_5)
FNF:4
FNH:1
FNDA:1,(anonymous_2)
FNDA:0,(anonymous_3)
FNDA:0,(anonymous_4)
FNDA:0,(anonymous_5)
DA:1,2
DA:2,2
DA:6,2
DA:7,1
DA:9,0
DA:11,0
DA:35,0
DA:47,0
DA:51,0
DA:57,0
LF:10
LH:4
BRDA:9,0,0,0
BRDA:9,0,1,0
BRDA:13,1,0,0
BRDA:13,1,1,0
BRDA:12,2,0,0
BRDA:12,2,1,0
BRDA:25,3,0,0
BRDA:25,3,1,0
BRF:8
BRH:0
end_of_record
